[2019-07-10 00:10:47] app.INFO: Home page action dispatched [] {"uid":"e50f31a"}
[2019-07-11 23:31:12] app.INFO: Home page action dispatched [] {"uid":"eef87e2"}
[2019-07-15 20:08:24] app.INFO: Home page action dispatched [] {"uid":"113e52c"}
[2019-07-15 20:26:29] app.INFO: Home page action dispatched [] {"uid":"81290b0"}
[2019-07-22 22:11:59] app.INFO: Home page action dispatched [] {"uid":"483ce37"}
[2019-07-22 23:09:41] app.INFO: Home page action dispatched [] {"uid":"d2a4168"}
[2019-07-22 23:10:14] app.INFO: Home page action dispatched [] {"uid":"43cf4a6"}
[2019-07-22 23:10:15] app.INFO: Home page action dispatched [] {"uid":"8014ef9"}
[2019-07-22 23:10:15] app.INFO: Home page action dispatched [] {"uid":"b7e1f99"}
[2019-07-22 23:10:15] app.INFO: Home page action dispatched [] {"uid":"a2c707a"}
[2019-07-22 23:10:15] app.INFO: Home page action dispatched [] {"uid":"c661697"}
[2019-07-22 23:10:15] app.INFO: Home page action dispatched [] {"uid":"1a67d44"}
[2019-07-22 23:10:16] app.INFO: Home page action dispatched [] {"uid":"8f25195"}
[2019-07-22 23:10:17] app.INFO: Home page action dispatched [] {"uid":"b435d0f"}
[2019-07-22 23:37:40] app.INFO: Home page action dispatched [] {"uid":"5b29e1a"}
[2019-07-22 23:42:36] app.INFO: Home page action dispatched [] {"uid":"abb06b1"}
[2019-07-23 16:57:34] app.INFO: Home page action dispatched [] {"uid":"1a348e4"}
[2019-07-25 17:15:22] app.INFO: Home page action dispatched [] {"uid":"8345def"}
[2019-07-25 17:15:29] app.INFO: Home page action dispatched [] {"uid":"8f92936"}
[2019-07-25 17:25:27] app.INFO: Home page action dispatched [] {"uid":"e491bcd"}
[2019-07-25 17:25:54] app.INFO: Home page action dispatched [] {"uid":"def9795"}
[2019-07-25 17:26:09] app.INFO: Home page action dispatched [] {"uid":"a565450"}
[2019-07-25 17:26:53] app.INFO: Home page action dispatched [] {"uid":"73ecb78"}
[2019-07-25 18:14:00] app.INFO: Home page action dispatched [] {"uid":"7890714"}
[2019-07-25 18:15:21] app.INFO: Home page action dispatched [] {"uid":"52b5a69"}
[2019-07-25 19:06:36] app.INFO: Home page action dispatched [] {"uid":"e0d8e17"}
[2019-07-25 19:06:44] app.INFO: Home page action dispatched [] {"uid":"60d511a"}
[2019-07-25 19:07:00] app.INFO: Home page action dispatched [] {"uid":"57dc461"}
[2019-07-25 19:08:02] app.INFO: Home page action dispatched [] {"uid":"6ad8369"}
[2019-07-25 19:14:13] app.INFO: Home page action dispatched [] {"uid":"909c574"}
[2019-07-25 19:14:13] app.INFO: Home page action dispatched [] {"uid":"fd1ab09"}
[2019-07-25 19:14:14] app.INFO: Home page action dispatched [] {"uid":"5ea235e"}
[2019-07-25 19:14:15] app.INFO: Home page action dispatched [] {"uid":"d6577c8"}
[2019-07-25 19:14:18] app.INFO: Home page action dispatched [] {"uid":"7ed4b50"}
[2019-07-25 19:14:19] app.INFO: Home page action dispatched [] {"uid":"1d95769"}
[2019-07-25 19:14:38] app.INFO: Home page action dispatched [] {"uid":"ef47707"}
[2019-07-25 19:14:41] app.INFO: Home page action dispatched [] {"uid":"508fb65"}
[2019-07-25 19:14:42] app.INFO: Home page action dispatched [] {"uid":"9b73698"}
[2019-07-25 19:14:47] app.INFO: Home page action dispatched [] {"uid":"1edfa79"}
[2019-07-25 19:14:47] app.INFO: Home page action dispatched [] {"uid":"145f0ed"}
[2019-07-25 19:14:48] app.INFO: Home page action dispatched [] {"uid":"418ae24"}
[2019-07-26 06:53:51] app.INFO: Home page action dispatched [] {"uid":"cb6ecfd"}
[2019-07-26 06:53:51] app.INFO: Home page action dispatched [] {"uid":"f19fdaa"}
[2019-07-26 06:53:56] app.INFO: Home page action dispatched [] {"uid":"e129ef0"}
[2019-07-26 07:01:48] app.INFO: Home page action dispatched [] {"uid":"9dcb2e4"}
[2019-07-26 07:07:59] app.INFO: Home page action dispatched [] {"uid":"8ef4fe1"}
[2019-07-26 07:07:59] app.INFO: Home page action dispatched [] {"uid":"37811ec"}
[2019-07-26 07:08:00] app.INFO: Home page action dispatched [] {"uid":"48145da"}
[2019-07-26 07:08:00] app.INFO: Home page action dispatched [] {"uid":"cc710a1"}
[2019-07-26 07:23:02] app.INFO: Home page action dispatched [] {"uid":"7b7f4f2"}
[2019-07-26 07:23:02] app.INFO: Home page action dispatched [] {"uid":"4f02fca"}
[2019-07-26 08:01:07] app.INFO: Home page action dispatched [] {"uid":"8dde4b5"}
[2019-07-26 11:25:54] app.INFO: Home page action dispatched [] {"uid":"a3a27ae"}
[2019-08-01 07:27:04] app.INFO: Home page action dispatched [] {"uid":"dbe29af"}
[2019-08-01 07:27:12] app.INFO: Home page action dispatched [] {"uid":"178ea6b"}
[2019-08-01 07:27:17] app.INFO: Home page action dispatched [] {"uid":"5d99813"}
[2019-08-01 07:27:38] app.INFO: Home page action dispatched [] {"uid":"567d076"}
[2019-08-01 07:28:51] app.INFO: Home page action dispatched [] {"uid":"cf33f81"}
[2019-08-01 07:28:51] app.INFO: Home page action dispatched [] {"uid":"b23439b"}
[2019-08-01 07:54:07] app.INFO: Home page action dispatched [] {"uid":"7b1ee48"}
[2019-08-01 07:54:09] app.INFO: Home page action dispatched [] {"uid":"ca6f31b"}
[2019-08-01 07:55:31] app.INFO: Home page action dispatched [] {"uid":"79ebb5d"}
[2019-08-01 07:57:43] app.INFO: Home page action dispatched [] {"uid":"95ef441"}
[2019-08-01 07:58:24] app.INFO: Home page action dispatched [] {"uid":"c02cd3b"}
[2019-08-01 07:58:39] app.INFO: Home page action dispatched [] {"uid":"8991c4a"}
[2019-08-01 08:01:04] app.INFO: Home page action dispatched [] {"uid":"168247a"}
[2019-08-01 08:01:09] app.INFO: Home page action dispatched [] {"uid":"38b07b5"}
[2019-08-01 08:01:12] app.INFO: Home page action dispatched [] {"uid":"cf66364"}
[2019-08-01 08:05:16] app.INFO: Home page action dispatched [] {"uid":"359cdf5"}
[2019-08-01 08:05:23] app.INFO: Sign_up page action dispatched [] {"uid":"12500b2"}
[2019-08-01 08:07:16] app.INFO: Sign_up page action dispatched [] {"uid":"4ca9fa9"}
[2019-08-01 08:07:38] app.INFO: Sign_up page action dispatched [] {"uid":"24527f5"}
[2019-08-01 08:09:33] app.INFO: Sign_up page action dispatched [] {"uid":"90e3612"}
[2019-08-01 08:13:29] app.INFO: Sign_up page action dispatched [] {"uid":"041690f"}
[2019-08-01 08:16:37] app.INFO: Sign_up page action dispatched [] {"uid":"2d7a956"}
[2019-08-01 08:17:39] app.INFO: Sign_up page action dispatched [] {"uid":"07f095b"}
[2019-08-01 08:17:57] app.INFO: Sign_up page action dispatched [] {"uid":"a261f79"}
[2019-08-01 08:22:36] app.INFO: Sign_up page action dispatched [] {"uid":"d63f553"}
[2019-10-04 18:29:21] app.INFO: Home page action dispatched [] {"uid":"7a5c4d3"}
[2019-10-04 18:29:29] app.INFO: map page action dispatched [] {"uid":"31fe522"}
[2019-10-04 18:29:32] app.INFO: Home page action dispatched [] {"uid":"64aabca"}
[2019-10-04 18:29:35] app.INFO: Sign_in page action dispatched [] {"uid":"0b23083"}
[2019-10-04 18:29:38] app.INFO: Home page action dispatched [] {"uid":"31ae7fc"}
[2019-10-04 18:29:57] app.INFO: Sign_up page action dispatched [] {"uid":"357aec1"}
[2019-10-04 18:29:59] app.INFO: Home page action dispatched [] {"uid":"3aac7f1"}
[2019-10-04 18:31:51] app.INFO: Home page action dispatched [] {"uid":"f258b2d"}
[2019-10-04 18:31:55] app.INFO: Home page action dispatched [] {"uid":"160d326"}
[2019-10-04 18:32:10] app.INFO: map page action dispatched [] {"uid":"3a69dc4"}
[2019-10-04 18:32:15] app.INFO: Home page action dispatched [] {"uid":"4a0df5b"}
[2019-10-04 19:08:15] app.INFO: Home page action dispatched [] {"uid":"e99287e"}
[2019-10-04 19:08:34] app.INFO: Home page action dispatched [] {"uid":"110274c"}
[2019-10-04 20:05:31] app.INFO: Home page action dispatched [] {"uid":"9e738fc"}
[2019-10-04 20:05:33] app.INFO: Home page action dispatched [] {"uid":"dd8d96f"}
[2019-10-04 20:05:45] app.INFO: Home page action dispatched [] {"uid":"d8dc6ea"}
[2019-10-04 20:10:21] app.INFO: Home page action dispatched [] {"uid":"c207462"}
[2019-10-04 20:12:32] app.INFO: Home page action dispatched [] {"uid":"81ce0a9"}
[2019-10-04 20:12:45] app.INFO: Home page action dispatched [] {"uid":"b2a9e29"}
[2019-10-04 20:12:53] app.INFO: Home page action dispatched [] {"uid":"53bfd5a"}
[2019-10-04 23:29:09] app.INFO: Home page action dispatched [] {"uid":"19d4da5"}
[2019-10-04 23:30:13] app.INFO: Home page action dispatched [] {"uid":"02c83ac"}
[2019-10-04 23:32:46] app.INFO: Home page action dispatched [] {"uid":"7f45d6f"}
[2019-10-04 23:40:33] app.INFO: Home page action dispatched [] {"uid":"c5cdf15"}
[2019-10-04 23:40:40] app.INFO: Home page action dispatched [] {"uid":"7d36c0d"}
[2019-10-05 00:30:19] app.INFO: Home page action dispatched [] {"uid":"d2cbd33"}
[2019-10-05 00:48:21] app.INFO: Home page action dispatched [] {"uid":"596ab09"}
[2019-10-05 00:52:03] app.INFO: Home page action dispatched [] {"uid":"b8a5cfc"}
[2019-10-05 00:56:31] app.INFO: Home page action dispatched [] {"uid":"aa0359f"}
[2019-10-05 01:44:50] app.INFO: Home page action dispatched [] {"uid":"5bf6f6e"}
[2019-10-05 01:44:54] app.INFO: Home page action dispatched [] {"uid":"5145716"}
[2019-10-05 01:47:09] app.INFO: Home page action dispatched [] {"uid":"39b766d"}
[2019-10-05 03:10:22] app.INFO: Home page action dispatched [] {"uid":"1030423"}
[2019-10-05 05:04:38] app.INFO: Home page action dispatched [] {"uid":"e42fdce"}
[2019-10-05 05:36:39] app.INFO: Home page action dispatched [] {"uid":"68f8e15"}
[2019-10-05 05:50:42] app.INFO: Home page action dispatched [] {"uid":"1ef1fb8"}
[2019-10-05 05:57:31] app.INFO: Home page action dispatched [] {"uid":"bd25ace"}
[2019-10-05 06:16:48] app.INFO: Home page action dispatched [] {"uid":"aafcac8"}
[2019-10-05 06:24:12] app.INFO: Home page action dispatched [] {"uid":"5785bb0"}
[2019-10-05 07:03:10] app.INFO: Home page action dispatched [] {"uid":"15a02ed"}
[2019-10-05 07:59:49] app.INFO: Home page action dispatched [] {"uid":"952758b"}
[2019-10-05 08:04:15] app.INFO: Home page action dispatched [] {"uid":"8b0cc70"}
[2019-10-05 08:04:19] app.INFO: Home page action dispatched [] {"uid":"fc482c3"}
[2019-10-05 08:04:21] app.INFO: Home page action dispatched [] {"uid":"7d7c0ef"}
[2019-10-05 08:05:45] app.INFO: Home page action dispatched [] {"uid":"2741ad3"}
[2019-10-05 08:05:45] app.INFO: Home page action dispatched [] {"uid":"b63ce62"}
[2019-10-05 08:05:45] app.INFO: Home page action dispatched [] {"uid":"15f4664"}
[2019-10-05 08:06:51] app.INFO: Home page action dispatched [] {"uid":"9959f03"}
[2019-10-05 08:15:27] app.INFO: Home page action dispatched [] {"uid":"11f2520"}
[2019-10-05 08:15:29] app.INFO: Home page action dispatched [] {"uid":"95bf643"}
[2019-10-05 08:35:28] app.INFO: Home page action dispatched [] {"uid":"71f8d9b"}
[2019-10-05 08:35:34] app.INFO: Home page action dispatched [] {"uid":"01bf790"}
[2019-10-05 08:35:47] app.INFO: Home page action dispatched [] {"uid":"cf2c3d9"}
[2019-10-05 08:42:07] app.INFO: Home page action dispatched [] {"uid":"b798e7a"}
[2019-10-05 08:45:16] app.INFO: Home page action dispatched [] {"uid":"3ae49fe"}
[2019-10-05 08:45:52] app.INFO: Home page action dispatched [] {"uid":"a161d60"}
[2019-10-05 08:45:57] app.INFO: Home page action dispatched [] {"uid":"e7b43d3"}
[2019-10-05 09:13:47] app.INFO: Home page action dispatched [] {"uid":"2ae96b4"}
[2019-10-05 09:19:21] app.INFO: Home page action dispatched [] {"uid":"7c1a86b"}
[2019-10-05 10:20:35] app.INFO: Home page action dispatched [] {"uid":"dec335c"}
[2019-10-05 10:43:38] app.INFO: Home page action dispatched [] {"uid":"bc6dcd4"}
[2019-10-05 10:44:14] app.INFO: Home page action dispatched [] {"uid":"9c54921"}
[2019-10-05 10:44:16] app.INFO: Home page action dispatched [] {"uid":"ab6adb2"}
[2019-10-05 10:44:25] app.INFO: Home page action dispatched [] {"uid":"1fe1882"}
[2019-10-05 11:34:23] app.INFO: Home page action dispatched [] {"uid":"1c2036e"}
[2019-10-05 11:47:43] app.INFO: Home page action dispatched [] {"uid":"f1967cf"}
[2019-10-05 12:51:41] app.INFO: Home page action dispatched [] {"uid":"5cff4b7"}
[2019-10-05 12:51:41] app.INFO: Home page action dispatched [] {"uid":"9cb6dbf"}
[2019-10-05 12:51:42] app.INFO: Home page action dispatched [] {"uid":"9704d29"}
[2019-10-05 13:17:37] app.INFO: Home page action dispatched [] {"uid":"99df1ab"}
[2019-10-05 13:17:37] app.INFO: Home page action dispatched [] {"uid":"ddbdb2a"}
[2019-10-05 13:22:20] app.INFO: Home page action dispatched [] {"uid":"7333f12"}
[2019-10-05 14:27:25] app.INFO: Home page action dispatched [] {"uid":"675b731"}
[2019-10-05 14:27:44] app.INFO: Home page action dispatched [] {"uid":"7ce1205"}
[2019-10-05 14:37:38] app.INFO: Home page action dispatched [] {"uid":"f3b1563"}
[2019-10-05 14:37:52] app.INFO: Home page action dispatched [] {"uid":"cb16c57"}
[2019-10-05 14:40:33] app.INFO: Home page action dispatched [] {"uid":"00f593e"}
[2019-10-05 14:40:52] app.INFO: Home page action dispatched [] {"uid":"5ec65a4"}
[2019-10-05 14:40:52] app.INFO: Home page action dispatched [] {"uid":"4b33a66"}
[2019-10-05 14:41:05] app.INFO: Home page action dispatched [] {"uid":"99d626b"}
[2019-10-05 14:41:17] app.INFO: Home page action dispatched [] {"uid":"59c3e17"}
[2019-10-05 14:41:51] app.INFO: Home page action dispatched [] {"uid":"e2f0081"}
[2019-10-05 14:41:52] app.INFO: Home page action dispatched [] {"uid":"d2742f4"}
[2019-10-05 14:41:56] app.INFO: Home page action dispatched [] {"uid":"fb82fe3"}
[2019-10-05 14:42:01] app.INFO: Home page action dispatched [] {"uid":"46f7917"}
[2019-10-05 14:42:07] app.INFO: Home page action dispatched [] {"uid":"39398be"}
[2019-10-05 14:42:21] app.INFO: Home page action dispatched [] {"uid":"ea61c14"}
[2019-10-05 14:42:37] app.INFO: Home page action dispatched [] {"uid":"52dcd96"}
[2019-10-05 14:43:14] app.INFO: Home page action dispatched [] {"uid":"82e5526"}
[2019-10-05 14:43:52] app.INFO: Home page action dispatched [] {"uid":"550e1d0"}
[2019-10-05 14:44:03] app.INFO: Home page action dispatched [] {"uid":"e66855c"}
[2019-10-05 14:44:07] app.INFO: Home page action dispatched [] {"uid":"c100aaa"}
[2019-10-05 14:44:15] app.INFO: Home page action dispatched [] {"uid":"d15251b"}
[2019-10-05 14:44:22] app.INFO: Home page action dispatched [] {"uid":"3214d33"}
[2019-10-05 14:44:28] app.INFO: Home page action dispatched [] {"uid":"41ac1fd"}
[2019-10-05 14:45:04] app.INFO: main page action dispatched [] {"uid":"d770f2a"}
[2019-10-05 14:45:05] app.INFO: main page action dispatched [] {"uid":"f5e3ff0"}
[2019-10-05 14:45:05] app.INFO: main page action dispatched [] {"uid":"ff2928f"}
[2019-10-05 14:45:05] app.INFO: main page action dispatched [] {"uid":"bd74bd8"}
[2019-10-05 14:45:05] app.INFO: main page action dispatched [] {"uid":"a04cae3"}
[2019-10-05 14:45:05] app.INFO: main page action dispatched [] {"uid":"fe08b98"}
[2019-10-05 14:45:05] app.INFO: main page action dispatched [] {"uid":"f19cf7b"}
[2019-10-05 14:45:05] app.INFO: main page action dispatched [] {"uid":"5b5590f"}
[2019-10-05 14:45:05] app.INFO: main page action dispatched [] {"uid":"2fb021a"}
[2019-10-05 14:45:05] app.INFO: main page action dispatched [] {"uid":"24768ba"}
[2019-10-05 14:45:05] app.INFO: main page action dispatched [] {"uid":"e2fba1b"}
[2019-10-05 14:45:05] app.INFO: main page action dispatched [] {"uid":"cfa2761"}
[2019-10-05 14:45:05] app.INFO: main page action dispatched [] {"uid":"4783f98"}
[2019-10-05 14:45:06] app.INFO: main page action dispatched [] {"uid":"9f3164e"}
[2019-10-05 14:45:06] app.INFO: main page action dispatched [] {"uid":"85a26f5"}
[2019-10-05 14:45:06] app.INFO: main page action dispatched [] {"uid":"6c145db"}
[2019-10-05 14:45:06] app.INFO: main page action dispatched [] {"uid":"e36c148"}
[2019-10-05 14:45:06] app.INFO: main page action dispatched [] {"uid":"734f2ed"}
[2019-10-05 14:45:06] app.INFO: main page action dispatched [] {"uid":"4f3282a"}
[2019-10-05 14:45:06] app.INFO: main page action dispatched [] {"uid":"465a03f"}
[2019-10-05 14:45:06] app.INFO: main page action dispatched [] {"uid":"081d966"}
[2019-10-05 14:45:06] app.INFO: main page action dispatched [] {"uid":"382c6cb"}
[2019-10-05 14:45:06] app.INFO: main page action dispatched [] {"uid":"8e8ff65"}
[2019-10-05 14:45:06] app.INFO: main page action dispatched [] {"uid":"c6d4c9a"}
[2019-10-05 14:45:06] app.INFO: main page action dispatched [] {"uid":"6b4264f"}
[2019-10-05 14:45:06] app.INFO: main page action dispatched [] {"uid":"f9c76d2"}
[2019-10-05 14:45:07] app.INFO: main page action dispatched [] {"uid":"dd660b0"}
[2019-10-05 14:45:07] app.INFO: main page action dispatched [] {"uid":"093cf34"}
[2019-10-05 14:45:07] app.INFO: main page action dispatched [] {"uid":"57590a3"}
[2019-10-05 14:45:07] app.INFO: main page action dispatched [] {"uid":"5cb60d4"}
[2019-10-05 14:45:07] app.INFO: main page action dispatched [] {"uid":"4042dba"}
[2019-10-05 14:45:07] app.INFO: main page action dispatched [] {"uid":"067052d"}
[2019-10-05 14:45:07] app.INFO: main page action dispatched [] {"uid":"e46410b"}
[2019-10-05 14:45:07] app.INFO: main page action dispatched [] {"uid":"e484047"}
[2019-10-05 14:45:07] app.INFO: main page action dispatched [] {"uid":"22cb741"}
[2019-10-05 14:45:07] app.INFO: main page action dispatched [] {"uid":"2aeab77"}
[2019-10-05 14:45:07] app.INFO: main page action dispatched [] {"uid":"20fbc4b"}
[2019-10-05 14:45:07] app.INFO: main page action dispatched [] {"uid":"8252d4d"}
[2019-10-05 14:45:07] app.INFO: main page action dispatched [] {"uid":"56ab8da"}
[2019-10-05 14:45:08] app.INFO: main page action dispatched [] {"uid":"31a54a1"}
[2019-10-05 14:45:08] app.INFO: main page action dispatched [] {"uid":"ecb5f4c"}
[2019-10-05 14:45:08] app.INFO: main page action dispatched [] {"uid":"f11e096"}
[2019-10-05 14:45:08] app.INFO: main page action dispatched [] {"uid":"7d6e01f"}
[2019-10-05 14:45:08] app.INFO: main page action dispatched [] {"uid":"51d4d51"}
[2019-10-05 14:45:08] app.INFO: main page action dispatched [] {"uid":"7899295"}
[2019-10-05 14:45:08] app.INFO: main page action dispatched [] {"uid":"d806a22"}
[2019-10-05 14:45:08] app.INFO: main page action dispatched [] {"uid":"fa45bf1"}
[2019-10-05 14:45:08] app.INFO: main page action dispatched [] {"uid":"a89113c"}
[2019-10-05 14:45:08] app.INFO: main page action dispatched [] {"uid":"ad28503"}
[2019-10-05 14:45:08] app.INFO: main page action dispatched [] {"uid":"6800cd4"}
[2019-10-05 14:45:08] app.INFO: main page action dispatched [] {"uid":"8dc594c"}
[2019-10-05 14:45:09] app.INFO: main page action dispatched [] {"uid":"c44a8e5"}
[2019-10-05 14:45:09] app.INFO: main page action dispatched [] {"uid":"981e971"}
[2019-10-05 14:45:09] app.INFO: main page action dispatched [] {"uid":"78017b0"}
[2019-10-05 14:45:09] app.INFO: main page action dispatched [] {"uid":"e0e4f43"}
[2019-10-05 14:45:09] app.INFO: main page action dispatched [] {"uid":"cacd273"}
[2019-10-05 14:45:09] app.INFO: main page action dispatched [] {"uid":"e98f710"}
[2019-10-05 14:45:09] app.INFO: main page action dispatched [] {"uid":"31ff73b"}
[2019-10-05 14:45:09] app.INFO: main page action dispatched [] {"uid":"9f0cb12"}
[2019-10-05 14:45:09] app.INFO: main page action dispatched [] {"uid":"4cdf8f3"}
[2019-10-05 14:45:09] app.INFO: main page action dispatched [] {"uid":"cfa9b23"}
[2019-10-05 14:45:09] app.INFO: main page action dispatched [] {"uid":"17d8571"}
[2019-10-05 14:45:09] app.INFO: main page action dispatched [] {"uid":"6d1dd00"}
[2019-10-05 14:45:09] app.INFO: main page action dispatched [] {"uid":"a0c4052"}
[2019-10-05 14:45:10] app.INFO: main page action dispatched [] {"uid":"2c64981"}
[2019-10-05 14:45:10] app.INFO: main page action dispatched [] {"uid":"6c7a15b"}
[2019-10-05 14:45:10] app.INFO: main page action dispatched [] {"uid":"935dcac"}
[2019-10-05 14:45:10] app.INFO: main page action dispatched [] {"uid":"4afe384"}
[2019-10-05 14:45:10] app.INFO: main page action dispatched [] {"uid":"b7ed0ce"}
[2019-10-05 14:45:10] app.INFO: main page action dispatched [] {"uid":"727850b"}
[2019-10-05 14:45:10] app.INFO: main page action dispatched [] {"uid":"f72403e"}
[2019-10-05 14:45:10] app.INFO: main page action dispatched [] {"uid":"8b4e2d0"}
[2019-10-05 14:45:10] app.INFO: main page action dispatched [] {"uid":"540efd8"}
[2019-10-05 14:45:10] app.INFO: main page action dispatched [] {"uid":"efb7c4e"}
[2019-10-05 14:45:11] app.INFO: main page action dispatched [] {"uid":"eb286fa"}
[2019-10-05 14:45:11] app.INFO: main page action dispatched [] {"uid":"b26f451"}
[2019-10-05 14:45:11] app.INFO: main page action dispatched [] {"uid":"e7b8881"}
[2019-10-05 14:45:11] app.INFO: main page action dispatched [] {"uid":"2f2330c"}
[2019-10-05 14:45:11] app.INFO: main page action dispatched [] {"uid":"305d225"}
[2019-10-05 14:45:11] app.INFO: main page action dispatched [] {"uid":"798c7bd"}
[2019-10-05 14:45:11] app.INFO: main page action dispatched [] {"uid":"0631d96"}
[2019-10-05 14:45:11] app.INFO: main page action dispatched [] {"uid":"d25c95a"}
[2019-10-05 14:45:11] app.INFO: main page action dispatched [] {"uid":"e8ed0d0"}
[2019-10-05 14:45:11] app.INFO: main page action dispatched [] {"uid":"f77391d"}
[2019-10-05 14:45:11] app.INFO: main page action dispatched [] {"uid":"0bbc5c5"}
[2019-10-05 14:45:12] app.INFO: main page action dispatched [] {"uid":"9874f43"}
[2019-10-05 14:45:12] app.INFO: main page action dispatched [] {"uid":"756ccb8"}
[2019-10-05 14:45:12] app.INFO: main page action dispatched [] {"uid":"ff58661"}
[2019-10-05 14:45:12] app.INFO: main page action dispatched [] {"uid":"a7146c1"}
[2019-10-05 14:45:12] app.INFO: main page action dispatched [] {"uid":"b0a8525"}
[2019-10-05 14:45:12] app.INFO: main page action dispatched [] {"uid":"fb75ad9"}
[2019-10-05 14:45:12] app.INFO: main page action dispatched [] {"uid":"9bc45a2"}
[2019-10-05 14:45:12] app.INFO: main page action dispatched [] {"uid":"8a9f821"}
[2019-10-05 14:45:12] app.INFO: main page action dispatched [] {"uid":"ef30308"}
[2019-10-05 14:45:12] app.INFO: main page action dispatched [] {"uid":"b029246"}
[2019-10-05 14:45:12] app.INFO: main page action dispatched [] {"uid":"98529cd"}
[2019-10-05 14:45:12] app.INFO: main page action dispatched [] {"uid":"3f113d7"}
[2019-10-05 14:45:12] app.INFO: main page action dispatched [] {"uid":"384d2cf"}
[2019-10-05 14:45:12] app.INFO: main page action dispatched [] {"uid":"de8d41e"}
[2019-10-05 14:45:13] app.INFO: main page action dispatched [] {"uid":"e9ae4d0"}
[2019-10-05 14:45:13] app.INFO: main page action dispatched [] {"uid":"53c6cfd"}
[2019-10-05 14:45:13] app.INFO: main page action dispatched [] {"uid":"970c263"}
[2019-10-05 14:45:13] app.INFO: main page action dispatched [] {"uid":"9355043"}
[2019-10-05 14:45:13] app.INFO: main page action dispatched [] {"uid":"446dc91"}
[2019-10-05 14:45:13] app.INFO: main page action dispatched [] {"uid":"50e51ca"}
[2019-10-05 14:45:13] app.INFO: main page action dispatched [] {"uid":"636b52a"}
[2019-10-05 14:45:13] app.INFO: main page action dispatched [] {"uid":"f90ca4a"}
[2019-10-05 14:45:13] app.INFO: main page action dispatched [] {"uid":"6a89b27"}
[2019-10-05 14:45:13] app.INFO: main page action dispatched [] {"uid":"3f09c5c"}
[2019-10-05 14:45:13] app.INFO: main page action dispatched [] {"uid":"7602415"}
[2019-10-05 14:45:24] app.INFO: Home page action dispatched [] {"uid":"7ab8592"}
[2019-10-05 14:46:20] app.INFO: Home page action dispatched [] {"uid":"d19e8eb"}
[2019-10-05 14:46:21] app.INFO: Home page action dispatched [] {"uid":"89e1118"}
[2019-10-05 14:46:21] app.INFO: Home page action dispatched [] {"uid":"8d23b0d"}
[2019-10-05 14:46:30] app.INFO: Home page action dispatched [] {"uid":"f801e58"}
[2019-10-05 14:46:43] app.INFO: Home page action dispatched [] {"uid":"8780fc2"}
[2019-10-05 14:56:46] app.INFO: Home page action dispatched [] {"uid":"6d934c5"}
[2019-10-05 14:56:53] app.INFO: Home page action dispatched [] {"uid":"f5b8d71"}
[2019-10-05 14:56:57] app.INFO: Home page action dispatched [] {"uid":"ea5aa43"}
[2020-01-15 03:41:01] app.INFO: Home page action dispatched [] {"uid":"0567d6d"}
[2020-01-15 04:03:13] app.INFO: Home page action dispatched [] {"uid":"f8b5daa"}
[2020-01-15 04:03:22] app.INFO: Home page action dispatched [] {"uid":"59f7958"}
[2020-01-15 04:03:43] app.INFO: Home page action dispatched [] {"uid":"33f34a0"}
[2020-01-15 04:08:25] app.INFO: Home page action dispatched [] {"uid":"c001f7f"}
[2020-01-15 04:08:25] app.INFO: Home page action dispatched [] {"uid":"e40c5be"}
[2020-01-15 04:08:53] app.INFO: Home page action dispatched [] {"uid":"e5e7cb6"}
[2020-01-15 04:08:53] app.INFO: Home page action dispatched [] {"uid":"329b859"}
[2020-01-15 04:49:55] app.INFO: Home page action dispatched [] {"uid":"cae3201"}
[2020-01-15 05:06:54] app.INFO: Home page action dispatched [] {"uid":"1f93430"}
[2020-01-15 05:12:12] app.INFO: Home page action dispatched [] {"uid":"82e314c"}
[2020-01-15 05:12:37] app.INFO: Home page action dispatched [] {"uid":"6f39073"}
[2020-01-15 05:13:01] app.INFO: Home page action dispatched [] {"uid":"b453ddc"}
[2020-01-15 05:20:26] app.INFO: Home page action dispatched [] {"uid":"3588b0f"}
[2020-01-15 05:25:44] app.INFO: Home page action dispatched [] {"uid":"efe1989"}
[2020-01-15 05:37:05] app.INFO: Home page action dispatched [] {"uid":"ff7ac8c"}
[2020-01-15 05:37:06] app.INFO: Home page action dispatched [] {"uid":"dbfd680"}
[2020-01-15 05:42:07] app.INFO: Home page action dispatched [] {"uid":"6591443"}
[2020-01-15 05:47:26] app.INFO: Home page action dispatched [] {"uid":"e6efb31"}
[2020-01-15 06:56:38] app.INFO: Home page action dispatched [] {"uid":"d29d3f2"}
[2020-01-15 07:18:13] app.INFO: Home page action dispatched [] {"uid":"547dbf5"}
[2020-01-15 07:23:10] app.INFO: Home page action dispatched [] {"uid":"5ad5206"}
[2020-01-15 07:27:54] app.INFO: Home page action dispatched [] {"uid":"a9a4225"}
[2020-01-15 07:28:11] app.INFO: Home page action dispatched [] {"uid":"17b7e9f"}
[2020-01-15 07:28:14] app.INFO: Home page action dispatched [] {"uid":"f8e3242"}
[2020-01-15 07:34:51] app.INFO: Home page action dispatched [] {"uid":"37eb218"}
[2020-01-15 08:02:08] app.INFO: Home page action dispatched [] {"uid":"b9c3563"}
[2020-01-15 08:06:32] app.INFO: Home page action dispatched [] {"uid":"d471007"}
[2020-01-15 08:18:08] app.INFO: Home page action dispatched [] {"uid":"24b8483"}
[2020-01-15 08:27:21] app.INFO: Home page action dispatched [] {"uid":"7924442"}
[2020-01-15 08:55:53] app.INFO: Home page action dispatched [] {"uid":"96ccf47"}
[2020-01-15 10:18:15] app.INFO: Home page action dispatched [] {"uid":"efe3204"}
[2020-01-15 10:33:05] app.INFO: Home page action dispatched [] {"uid":"ecd4581"}
[2020-01-15 10:59:53] app.INFO: Home page action dispatched [] {"uid":"9b384b2"}
[2020-01-15 11:11:59] app.INFO: Home page action dispatched [] {"uid":"0e7c9e3"}
[2020-01-15 11:57:55] app.INFO: sign_up page action dispatched [] {"uid":"5b8f004"}
[2020-01-15 11:58:13] app.INFO: Home page action dispatched [] {"uid":"6990514"}
[2020-01-15 12:49:12] app.INFO: Home page action dispatched [] {"uid":"bae19ed"}
[2020-01-15 12:49:12] app.INFO: Home page action dispatched [] {"uid":"c11bb6e"}
[2020-01-15 12:49:12] app.INFO: Home page action dispatched [] {"uid":"06650a2"}
[2020-01-15 12:49:13] app.INFO: Home page action dispatched [] {"uid":"d43d6ac"}
[2020-01-15 12:49:13] app.INFO: Home page action dispatched [] {"uid":"4b640b9"}
[2020-01-15 12:49:13] app.INFO: Home page action dispatched [] {"uid":"489faa0"}
[2020-01-15 12:49:46] app.INFO: sign_up page action dispatched [] {"uid":"31cea24"}
[2020-01-15 12:50:01] app.INFO: sign_up page action dispatched [] {"uid":"63487b5"}
[2020-01-15 12:57:00] app.INFO: sign_up page action dispatched [] {"uid":"0d5b383"}
[2020-01-15 12:57:03] app.INFO: sign_up page action dispatched [] {"uid":"ffbf52d"}
[2020-01-15 12:57:52] app.INFO: sign_up page action dispatched [] {"uid":"0d82a0b"}
[2020-01-15 12:57:53] app.INFO: sign_up page action dispatched [] {"uid":"87a4a84"}
[2020-01-15 12:58:27] app.INFO: sign_up page action dispatched [] {"uid":"87e5e35"}
[2020-01-15 12:58:41] app.INFO: sign_up page action dispatched [] {"uid":"6a5ca32"}
[2020-01-15 13:19:27] app.INFO: sign_up page action dispatched [] {"uid":"27fda92"}
[2020-01-15 13:23:59] app.INFO: sign_up page action dispatched [] {"uid":"4a03f2c"}
[2020-01-15 13:28:47] app.INFO: sign_up page action dispatched [] {"uid":"84408f9"}
[2020-01-15 13:29:38] app.INFO: sign_up page action dispatched [] {"uid":"73c0287"}
[2020-01-15 13:29:52] app.INFO: sign_up page action dispatched [] {"uid":"2131bda"}
[2020-01-15 13:30:32] app.INFO: sign_up page action dispatched [] {"uid":"788fe2d"}
[2020-01-15 13:31:59] app.INFO: sign_up page action dispatched [] {"uid":"c0f531c"}
[2020-01-15 13:34:22] app.INFO: forgotten_password page action dispatched [] {"uid":"bd19d1a"}
[2020-01-15 13:46:11] app.INFO: Home page action dispatched [] {"uid":"5227e7d"}
[2020-01-15 13:57:20] app.INFO: sign_up page action dispatched [] {"uid":"cdb6fba"}
[2020-01-15 14:04:10] app.INFO: sign_up page action dispatched [] {"uid":"ed82283"}
[2020-01-15 14:32:58] app.INFO: Home page action dispatched [] {"uid":"1a3d1c3"}
[2020-01-15 14:35:40] app.INFO: Home page action dispatched [] {"uid":"b9b4639"}
[2020-01-15 14:47:23] app.INFO: Home page action dispatched [] {"uid":"8036fec"}
[2020-01-15 16:00:53] app.INFO: sign_up page action dispatched [] {"uid":"b9999f5"}
[2020-01-15 16:01:19] app.INFO: sign_up page action dispatched [] {"uid":"8323f06"}
[2020-01-15 16:02:57] app.INFO: sign_up page action dispatched [] {"uid":"9225809"}
[2020-01-15 16:03:02] app.INFO: sign_up page action dispatched [] {"uid":"d9c1823"}
[2020-01-15 16:04:06] app.INFO: sign_up page action dispatched [] {"uid":"d7ddb31"}
[2020-01-15 16:05:38] app.INFO: Home page action dispatched [] {"uid":"80fff4c"}
[2020-01-15 16:05:40] app.INFO: register_email page action dispatched [] {"uid":"3ff9232"}
[2020-01-15 16:06:05] app.INFO: sign_up page action dispatched [] {"uid":"3055716"}
[2020-01-15 16:07:34] app.INFO: sign_up page action dispatched [] {"uid":"55eed2f"}
[2020-01-15 16:07:53] app.INFO: Home page action dispatched [] {"uid":"62da414"}
[2020-01-15 16:10:11] app.INFO: sign_up page action dispatched [] {"uid":"44f7be9"}
[2020-01-15 16:10:38] app.INFO: sign_up page action dispatched [] {"uid":"9e2fcbc"}
[2020-01-15 16:10:50] app.INFO: Home page action dispatched [] {"uid":"4a3ced2"}
[2020-01-15 16:10:51] app.INFO: sign_up page action dispatched [] {"uid":"2839fb5"}
[2020-01-15 16:11:11] app.INFO: Home page action dispatched [] {"uid":"3e8a5ad"}
[2020-01-15 16:12:11] app.INFO: sign_up page action dispatched [] {"uid":"b93f869"}
[2020-01-15 16:13:17] app.INFO: Home page action dispatched [] {"uid":"c1528e6"}
[2020-01-15 16:13:18] app.INFO: sign_up page action dispatched [] {"uid":"b84c74c"}
[2020-01-15 16:13:21] app.INFO: Home page action dispatched [] {"uid":"0ae69be"}
[2020-01-15 16:13:45] app.INFO: Home page action dispatched [] {"uid":"1b51136"}
[2020-01-15 16:14:14] app.INFO: sign_up page action dispatched [] {"uid":"23db9bf"}
[2020-01-15 16:15:20] app.INFO: sign_up page action dispatched [] {"uid":"0804830"}
[2020-01-15 16:15:42] app.INFO: sign_up page action dispatched [] {"uid":"50a964b"}
[2020-01-15 16:15:50] app.INFO: Home page action dispatched [] {"uid":"0235497"}
[2020-01-15 16:16:39] app.INFO: sign_up page action dispatched [] {"uid":"8951edc"}
[2020-01-15 16:16:48] app.INFO: Home page action dispatched [] {"uid":"bb19c1f"}
[2020-01-15 16:23:19] app.INFO: sign_up page action dispatched [] {"uid":"0a6eb7a"}
[2020-01-15 16:23:25] app.INFO: Home page action dispatched [] {"uid":"f2e9c6f"}
[2020-01-15 16:51:07] app.INFO: sign_up page action dispatched [] {"uid":"25d229f"}
[2020-01-15 16:54:34] app.INFO: Home page action dispatched [] {"uid":"33a3acc"}
[2020-01-15 16:55:14] app.INFO: Home page action dispatched [] {"uid":"af05ded"}
[2020-01-15 16:55:29] app.INFO: main page action dispatched [] {"uid":"2a06ad8"}
[2020-01-15 17:09:46] app.INFO: main page action dispatched [] {"uid":"d024205"}
[2020-01-15 17:09:59] app.INFO: change_idcancellation page action dispatched [] {"uid":"6c66f6b"}
[2020-01-15 17:10:03] app.INFO: main page action dispatched [] {"uid":"d88448e"}
[2020-01-15 17:10:05] app.INFO: myaccount page action dispatched [] {"uid":"3fafb3c"}
[2020-01-15 17:10:08] app.INFO: main page action dispatched [] {"uid":"3203689"}
[2020-01-15 17:10:57] app.INFO: main page action dispatched [] {"uid":"a261be0"}
[2020-01-15 17:12:52] app.INFO: Home page action dispatched [] {"uid":"fd57a77"}
[2020-01-15 17:14:02] app.INFO: main page action dispatched [] {"uid":"c044038"}
[2020-01-15 17:15:47] app.INFO: main page action dispatched [] {"uid":"b47fb0b"}
[2020-01-15 17:15:55] app.INFO: Home page action dispatched [] {"uid":"97dbefc"}
[2020-01-15 17:17:09] app.INFO: register_email page action dispatched [] {"uid":"8c96eff"}
[2020-01-15 17:17:10] app.INFO: Home page action dispatched [] {"uid":"2846532"}
[2020-01-15 17:17:11] app.INFO: register_email page action dispatched [] {"uid":"f5524ef"}
[2020-01-15 17:29:52] app.INFO: sign_up page action dispatched [] {"uid":"caecca8"}
[2020-01-15 17:31:08] app.INFO: sign_up page action dispatched [] {"uid":"4096f04"}
[2020-01-15 17:40:46] app.INFO: register_email page action dispatched [] {"uid":"5888a4c"}
[2020-01-15 17:41:10] app.INFO: register_email page action dispatched [] {"uid":"0a7a907"}
[2020-01-15 17:42:22] app.INFO: register_email page action dispatched [] {"uid":"282b9a3"}
[2020-01-15 17:42:35] app.INFO: Home page action dispatched [] {"uid":"638a78c"}
[2020-01-15 17:42:40] app.INFO: Home page action dispatched [] {"uid":"a4af843"}
[2020-01-15 17:43:13] app.INFO: Home page action dispatched [] {"uid":"c8b8234"}
[2020-01-15 17:43:14] app.INFO: register_email page action dispatched [] {"uid":"d3f390f"}
[2020-01-15 17:43:17] app.INFO: Home page action dispatched [] {"uid":"2a2990f"}
[2020-01-15 17:43:19] app.INFO: register_email page action dispatched [] {"uid":"caa182c"}
[2020-01-15 17:43:30] app.INFO: Home page action dispatched [] {"uid":"5708144"}
[2020-01-15 17:43:32] app.INFO: register_email page action dispatched [] {"uid":"55381d2"}
[2020-01-15 17:44:14] app.INFO: register_email page action dispatched [] {"uid":"1ec2f32"}
[2020-01-15 17:44:14] app.INFO: register_email_message page action dispatched [] {"uid":"6fc3dad"}
[2020-01-15 17:44:14] app.INFO: register_email_message page action dispatched [] {"uid":"e49c6a3"}
[2020-01-15 17:44:14] app.INFO: register_email_message page action dispatched [] {"uid":"678784d"}
[2020-01-15 17:44:14] app.INFO: register_email_message page action dispatched [] {"uid":"165bac0"}
[2020-01-15 17:44:14] app.INFO: register_email_message page action dispatched [] {"uid":"2c89721"}
[2020-01-15 17:46:36] app.INFO: register_email page action dispatched [] {"uid":"2c88fe4"}
[2020-01-15 17:46:53] app.INFO: Home page action dispatched [] {"uid":"0fed471"}
[2020-01-15 17:49:15] app.INFO: register_email page action dispatched [] {"uid":"7751b00"}
[2020-01-15 17:50:03] app.INFO: register_email page action dispatched [] {"uid":"36f811c"}
[2020-01-15 17:50:32] app.INFO: register_email page action dispatched [] {"uid":"1c34e44"}
[2020-01-15 17:50:48] app.INFO: register_email_message page action dispatched [] {"uid":"acb1e4e"}
[2020-01-15 17:50:50] app.INFO: register_email page action dispatched [] {"uid":"af39e5a"}
[2020-01-15 17:51:00] app.INFO: register_email_message page action dispatched [] {"uid":"d038a70"}
[2020-01-15 17:51:01] app.INFO: register_email page action dispatched [] {"uid":"8c7650a"}
[2020-01-15 17:51:33] app.INFO: register_email page action dispatched [] {"uid":"a8031ab"}
[2020-01-15 17:51:43] app.INFO: register_email_message page action dispatched [] {"uid":"e1a9b11"}
[2020-01-15 17:51:44] app.INFO: register_email page action dispatched [] {"uid":"412cfa0"}
[2020-01-15 17:51:55] app.INFO: register_email_message page action dispatched [] {"uid":"3d1d556"}
[2020-01-15 17:51:56] app.INFO: register_email_message page action dispatched [] {"uid":"d8ed9b7"}
[2020-01-15 17:51:57] app.INFO: register_email page action dispatched [] {"uid":"7b97dc5"}
[2020-01-15 17:52:56] app.INFO: register_email page action dispatched [] {"uid":"9651a5f"}
[2020-01-15 17:53:06] app.INFO: register_email_message page action dispatched [] {"uid":"2dfc10f"}
[2020-01-15 17:53:07] app.INFO: register_email_message page action dispatched [] {"uid":"d3cab20"}
[2020-01-15 17:53:08] app.INFO: register_email page action dispatched [] {"uid":"66a7975"}
[2020-01-15 17:53:17] app.INFO: register_email page action dispatched [] {"uid":"801d0b5"}
[2020-01-15 17:53:34] app.INFO: register_email_message page action dispatched [] {"uid":"676a4c2"}
[2020-01-15 17:53:35] app.INFO: register_email page action dispatched [] {"uid":"e9c37be"}
[2020-01-15 17:54:10] app.INFO: register_email_message page action dispatched [] {"uid":"fc76caf"}
[2020-01-15 17:54:10] app.INFO: register_email_message page action dispatched [] {"uid":"0f85ff2"}
[2020-01-15 17:54:13] app.INFO: register_email_message page action dispatched [] {"uid":"deea5df"}
[2020-01-15 17:54:13] app.INFO: register_email_message page action dispatched [] {"uid":"bcc6ae6"}
[2020-01-15 17:54:13] app.INFO: register_email_message page action dispatched [] {"uid":"877c93e"}
[2020-01-15 17:54:14] app.INFO: register_email page action dispatched [] {"uid":"b3a1ab3"}
[2020-01-15 17:56:30] app.INFO: register_email page action dispatched [] {"uid":"237402d"}
[2020-01-15 17:58:09] app.INFO: register_email page action dispatched [] {"uid":"4b4bff7"}
[2020-01-15 17:58:17] app.INFO: register_email_message page action dispatched [] {"uid":"10798e0"}
[2020-01-15 17:58:46] app.INFO: sign_up page action dispatched [] {"uid":"06004f1"}
[2020-01-15 17:59:17] app.INFO: Home page action dispatched [] {"uid":"8fa4948"}
[2020-01-15 17:59:25] app.INFO: main page action dispatched [] {"uid":"011f323"}
[2020-01-15 17:59:42] app.INFO: Home page action dispatched [] {"uid":"1873cf7"}
[2020-01-15 17:59:53] app.INFO: Home page action dispatched [] {"uid":"768490c"}
[2020-01-15 17:59:54] app.INFO: Home page action dispatched [] {"uid":"39182fe"}
[2020-01-15 17:59:54] app.INFO: Home page action dispatched [] {"uid":"e103324"}
[2020-01-15 17:59:54] app.INFO: Home page action dispatched [] {"uid":"b335313"}
[2020-01-15 17:59:54] app.INFO: Home page action dispatched [] {"uid":"c14a784"}
[2020-01-15 17:59:54] app.INFO: Home page action dispatched [] {"uid":"902069c"}
[2020-01-15 17:59:55] app.INFO: Home page action dispatched [] {"uid":"2935446"}
[2020-01-15 18:00:04] app.INFO: Home page action dispatched [] {"uid":"736a92f"}
[2020-01-15 18:00:11] app.INFO: main page action dispatched [] {"uid":"fb50373"}
[2020-01-15 18:00:11] app.INFO: Home page action dispatched [] {"uid":"baa0081"}
[2020-01-15 18:05:00] app.INFO: Home page action dispatched [] {"uid":"5004243"}
[2020-01-15 19:46:53] app.INFO: sign_up page action dispatched [] {"uid":"70ddc76"}
[2020-01-15 19:53:38] app.INFO: Home page action dispatched [] {"uid":"e686b9f"}
[2020-01-15 20:32:29] app.INFO: Home page action dispatched [] {"uid":"ffa9d73"}
[2020-01-15 20:38:19] app.INFO: Home page action dispatched [] {"uid":"164110d"}
[2020-01-15 20:38:19] app.INFO: Home page action dispatched [] {"uid":"52c2369"}
[2020-01-15 21:16:57] app.INFO: Home page action dispatched [] {"uid":"06502a2"}
[2020-01-15 21:22:27] app.INFO: Home page action dispatched [] {"uid":"59575c8"}
[2020-01-15 21:27:32] app.INFO: Home page action dispatched [] {"uid":"6f486b2"}
[2020-01-15 22:16:54] app.INFO: Home page action dispatched [] {"uid":"039ffc6"}
[2020-01-15 22:17:10] app.INFO: Home page action dispatched [] {"uid":"7e453e7"}
[2020-01-15 22:29:59] app.INFO: sign_up page action dispatched [] {"uid":"e0b83d8"}
[2020-01-15 22:47:01] app.INFO: sign_up page action dispatched [] {"uid":"3bcec6a"}
[2020-01-15 22:51:47] app.INFO: sign_up page action dispatched [] {"uid":"5d0209b"}
[2020-01-15 23:16:55] app.INFO: Home page action dispatched [] {"uid":"d810216"}
[2020-01-15 23:28:36] app.INFO: sign_up page action dispatched [] {"uid":"e68dd3e"}
[2020-01-15 23:55:50] app.INFO: Home page action dispatched [] {"uid":"faa1759"}
[2020-01-15 23:55:52] app.INFO: Home page action dispatched [] {"uid":"9b6fd42"}
[2020-01-15 23:57:12] app.INFO: Home page action dispatched [] {"uid":"6e2c5d1"}
[2020-01-16 00:47:07] app.INFO: Home page action dispatched [] {"uid":"48a3dac"}
[2020-01-16 00:56:54] app.INFO: Home page action dispatched [] {"uid":"0eaaef8"}
[2020-01-16 00:56:54] app.INFO: Home page action dispatched [] {"uid":"da84e1d"}
[2020-01-16 00:56:54] app.INFO: Home page action dispatched [] {"uid":"949e0bc"}
[2020-01-16 00:56:55] app.INFO: Home page action dispatched [] {"uid":"7bfef51"}
[2020-01-16 00:56:55] app.INFO: Home page action dispatched [] {"uid":"45ba8dd"}
[2020-01-16 00:56:56] app.INFO: Home page action dispatched [] {"uid":"4d20a0d"}
[2020-01-16 01:18:24] app.INFO: Home page action dispatched [] {"uid":"78c2e1e"}
[2020-01-16 01:35:18] app.INFO: Home page action dispatched [] {"uid":"d174f50"}
[2020-01-16 01:39:50] app.INFO: Home page action dispatched [] {"uid":"fc32b23"}
[2020-01-16 01:39:56] app.INFO: forgotten_password page action dispatched [] {"uid":"49d8a62"}
[2020-01-16 02:29:43] app.INFO: Home page action dispatched [] {"uid":"1a7fab0"}
[2020-01-16 02:29:45] app.INFO: Home page action dispatched [] {"uid":"bfad692"}
[2020-01-16 02:29:45] app.INFO: Home page action dispatched [] {"uid":"7c34b5a"}
[2020-01-16 03:23:34] app.INFO: Home page action dispatched [] {"uid":"6e545d7"}
[2020-01-16 03:24:16] app.INFO: Home page action dispatched [] {"uid":"ede0725"}
[2020-01-16 03:24:50] app.INFO: Home page action dispatched [] {"uid":"7c1fda6"}
[2020-01-16 03:24:53] app.INFO: forgotten_password page action dispatched [] {"uid":"f7a5c71"}
[2020-01-16 03:25:06] app.INFO: Home page action dispatched [] {"uid":"ec7e86f"}
[2020-01-16 03:25:32] app.INFO: Home page action dispatched [] {"uid":"b0a033f"}
[2020-01-16 03:26:06] app.INFO: Home page action dispatched [] {"uid":"ea937f0"}
[2020-01-16 03:27:24] app.INFO: main page action dispatched [] {"uid":"c73bd92"}
[2020-01-16 03:27:27] app.INFO: Home page action dispatched [] {"uid":"c83af0d"}
[2020-01-16 03:27:29] app.INFO: forgotten_password page action dispatched [] {"uid":"f693f3c"}
[2020-01-16 03:27:40] app.INFO: Home page action dispatched [] {"uid":"c5576ac"}
[2020-01-16 03:27:51] app.INFO: Home page action dispatched [] {"uid":"461fa38"}
[2020-01-16 03:28:01] app.INFO: main page action dispatched [] {"uid":"ce07277"}
[2020-01-16 03:28:05] app.INFO: Home page action dispatched [] {"uid":"fe64bdd"}
[2020-01-16 03:28:10] app.INFO: Home page action dispatched [] {"uid":"65d4d64"}
[2020-01-16 03:28:15] app.INFO: main page action dispatched [] {"uid":"46e068c"}
[2020-01-16 03:28:15] app.INFO: Home page action dispatched [] {"uid":"876449f"}
[2020-01-16 03:28:15] app.INFO: Home page action dispatched [] {"uid":"97d7f91"}
[2020-01-16 03:32:12] app.INFO: Home page action dispatched [] {"uid":"1a56c91"}
[2020-01-16 03:33:31] app.INFO: Home page action dispatched [] {"uid":"033b1a0"}
[2020-01-16 03:33:40] app.INFO: Home page action dispatched [] {"uid":"173d347"}
[2020-01-16 03:33:45] app.INFO: Home page action dispatched [] {"uid":"b734e14"}
[2020-01-16 03:33:50] app.INFO: main page action dispatched [] {"uid":"a2c8557"}
[2020-01-16 03:39:51] app.INFO: Home page action dispatched [] {"uid":"b2e27db"}
[2020-01-16 03:40:07] app.INFO: Home page action dispatched [] {"uid":"2eb0e41"}
[2020-01-16 03:42:10] app.INFO: Home page action dispatched [] {"uid":"7284fce"}
[2020-01-16 03:42:14] app.INFO: main page action dispatched [] {"uid":"6c62a45"}
[2020-01-16 03:43:47] app.INFO: Home page action dispatched [] {"uid":"3809b9c"}
[2020-01-16 03:44:01] app.INFO: Home page action dispatched [] {"uid":"5eb0b8d"}
[2020-01-16 03:44:03] app.INFO: forgotten_password page action dispatched [] {"uid":"c312a82"}
[2020-01-16 03:44:04] app.INFO: Home page action dispatched [] {"uid":"ae4d181"}
[2020-01-16 03:44:05] app.INFO: forgotten_password page action dispatched [] {"uid":"c6d7a94"}
[2020-01-16 03:44:06] app.INFO: Home page action dispatched [] {"uid":"c0fff33"}
[2020-01-16 03:44:07] app.INFO: register_email page action dispatched [] {"uid":"d60a620"}
[2020-01-16 03:44:08] app.INFO: Home page action dispatched [] {"uid":"3d98635"}
[2020-01-16 03:44:09] app.INFO: forgotten_password page action dispatched [] {"uid":"cf51a33"}
[2020-01-16 03:44:09] app.INFO: Home page action dispatched [] {"uid":"3eed40e"}
[2020-01-16 03:44:10] app.INFO: register_email page action dispatched [] {"uid":"b615bdd"}
[2020-01-16 03:44:11] app.INFO: Home page action dispatched [] {"uid":"1889848"}
[2020-01-16 04:49:22] app.INFO: Home page action dispatched [] {"uid":"54b690f"}
[2020-01-16 05:07:14] app.INFO: Home page action dispatched [] {"uid":"c9ea3bd"}
[2020-01-16 05:07:14] app.INFO: Home page action dispatched [] {"uid":"ef68fba"}
[2020-01-16 05:19:11] app.INFO: Home page action dispatched [] {"uid":"f788db7"}
[2020-01-16 05:19:27] app.INFO: Home page action dispatched [] {"uid":"eadb562"}
[2020-01-16 05:28:12] app.INFO: Home page action dispatched [] {"uid":"65bd7ae"}
[2020-01-16 05:31:13] app.INFO: sign_up page action dispatched [] {"uid":"12ca9dd"}
[2020-01-16 05:43:57] app.INFO: sign_up page action dispatched [] {"uid":"ae7b7fb"}
[2020-01-16 05:46:35] app.INFO: Home page action dispatched [] {"uid":"8d1000b"}
[2020-01-16 05:47:49] app.INFO: Home page action dispatched [] {"uid":"a2c0ade"}
[2020-01-16 05:50:02] app.INFO: Home page action dispatched [] {"uid":"ded353b"}
[2020-01-16 06:11:20] app.INFO: register_email page action dispatched [] {"uid":"272a065"}
[2020-01-16 06:11:35] app.INFO: register_email_message page action dispatched [] {"uid":"ad717d7"}
[2020-01-16 06:11:36] app.INFO: register_email_message page action dispatched [] {"uid":"ea488bc"}
[2020-01-16 06:13:27] app.INFO: sign_up page action dispatched [] {"uid":"c7b26f1"}
[2020-01-16 06:23:43] app.INFO: Home page action dispatched [] {"uid":"3446339"}
[2020-01-16 15:25:07] app.INFO: Home page action dispatched [] {"uid":"c51be53"}
[2020-01-16 16:10:53] app.INFO: Home page action dispatched [] {"uid":"3410387"}
[2020-01-16 16:11:38] app.INFO: Home page action dispatched [] {"uid":"3bcbfcb"}
[2020-01-16 16:12:33] app.INFO: Home page action dispatched [] {"uid":"e3b92d0"}
[2020-01-16 16:29:19] app.INFO: Home page action dispatched [] {"uid":"c75ebf7"}
[2020-01-16 17:01:27] app.INFO: Home page action dispatched [] {"uid":"84ce8cb"}
[2020-01-16 17:51:53] app.INFO: Home page action dispatched [] {"uid":"d645465"}
[2020-01-16 17:54:59] app.INFO: Home page action dispatched [] {"uid":"2ac7b50"}
[2020-01-16 18:38:44] app.INFO: Home page action dispatched [] {"uid":"53cc2e4"}
[2020-01-16 18:38:44] app.INFO: Home page action dispatched [] {"uid":"1d7341c"}
[2020-01-16 18:38:45] app.INFO: Home page action dispatched [] {"uid":"11fa33a"}
[2020-01-16 19:25:24] app.INFO: Home page action dispatched [] {"uid":"ee5d111"}
[2020-01-16 20:37:42] app.INFO: Home page action dispatched [] {"uid":"2525b1a"}
[2020-01-16 22:27:00] app.INFO: Home page action dispatched [] {"uid":"761c940"}
[2020-01-16 22:27:00] app.INFO: Home page action dispatched [] {"uid":"9c149a8"}
[2020-01-16 22:27:00] app.INFO: Home page action dispatched [] {"uid":"0c862ea"}
[2020-01-16 22:27:01] app.INFO: Home page action dispatched [] {"uid":"45543cb"}
[2020-01-16 22:27:01] app.INFO: Home page action dispatched [] {"uid":"ac27b4a"}
[2020-01-16 22:27:02] app.INFO: Home page action dispatched [] {"uid":"d9fa922"}
[2020-01-16 22:45:47] app.INFO: Home page action dispatched [] {"uid":"182a9fd"}
[2020-01-16 22:47:26] app.INFO: Home page action dispatched [] {"uid":"aee43ef"}
[2020-01-17 00:09:08] app.INFO: Home page action dispatched [] {"uid":"6c5424a"}
[2020-01-17 00:59:39] app.INFO: Home page action dispatched [] {"uid":"1b9948e"}
[2020-01-17 00:59:41] app.INFO: Home page action dispatched [] {"uid":"bbfd28b"}
[2020-01-17 00:59:41] app.INFO: Home page action dispatched [] {"uid":"5052910"}
[2020-01-17 02:05:28] app.INFO: Home page action dispatched [] {"uid":"81d40ca"}
[2020-01-17 03:51:04] app.INFO: Home page action dispatched [] {"uid":"29709b8"}
[2020-01-17 04:23:01] app.INFO: Home page action dispatched [] {"uid":"942ea78"}
[2020-01-17 07:18:03] app.INFO: Home page action dispatched [] {"uid":"73444f5"}
[2020-01-17 08:25:12] app.INFO: Home page action dispatched [] {"uid":"bb55bfe"}
[2020-01-17 09:59:58] app.INFO: Home page action dispatched [] {"uid":"1567301"}
[2020-01-17 09:59:58] app.INFO: Home page action dispatched [] {"uid":"47eed81"}
[2020-01-17 09:59:58] app.INFO: Home page action dispatched [] {"uid":"06f1f25"}
[2020-01-17 09:59:59] app.INFO: Home page action dispatched [] {"uid":"6378e01"}
[2020-01-17 09:59:59] app.INFO: Home page action dispatched [] {"uid":"a8b2ff4"}
[2020-01-17 09:59:59] app.INFO: Home page action dispatched [] {"uid":"f010932"}
[2020-01-17 10:13:07] app.INFO: Home page action dispatched [] {"uid":"e71b6f7"}
[2020-01-17 10:19:04] app.INFO: Home page action dispatched [] {"uid":"98076a6"}
[2020-01-17 10:35:00] app.INFO: Home page action dispatched [] {"uid":"8f6a982"}
[2020-01-17 10:58:19] app.INFO: Home page action dispatched [] {"uid":"af2f63c"}
[2020-01-17 13:38:26] app.INFO: Home page action dispatched [] {"uid":"7934bab"}
[2020-01-17 13:48:39] app.INFO: Home page action dispatched [] {"uid":"df21fbc"}
[2020-01-17 14:46:43] app.INFO: Home page action dispatched [] {"uid":"1a5f9cf"}
[2020-01-17 14:47:00] app.INFO: Home page action dispatched [] {"uid":"9aec8f5"}
[2020-01-17 15:09:13] app.INFO: Home page action dispatched [] {"uid":"77ad869"}
